169 - Winsize
2194 - 1
2198 - 2
2201 - 3
2205 - 4
2208 - 5
2212 - 6
2215 - 7
2219 - 8
2222 - 9
2226 - 10
2229 - 11
2233 - 12
2236 - 13
2240 - 14
2244 - 15
2247 - 16
2251 - 17
2254 - 18
2258 - 19
2261 - 20
2265 - 21
2268 - 22
2272 - 23
2276 - 24
2280 - 25
2283 - 26
2287 - 27
2290 - 28
2294 - 29
2297 - 30
2301 - 31
2304 - 32
2308 - 33
2312 - 34
2315 - 35
2319 - 36
2323 - 37
2326 - 38
2330 - 39
2334 - 40
2337 - 41
2341 - 42
2344 - 43
2348 - 44
2351 - 45
2355 - 46
2358 - 47
2362 - 48
2365 - 49
2369 - 50
2372 - 51
2376 - 52
2379 - 53
2383 - 54
2387 - 55
2390 - 56
2394 - 57
2397 - 58
2401 - 59
2404 - 60
2408 - 61
2412 - 62
2415 - 63
2419 - 64
2423 - 65
2426 - 66
2430 - 67
2434 - 68
2437 - 69
2441 - 70
2444 - 71
2448 - 72
2452 - 73
2455 - 74
2459 - 75
2462 - 76
2466 - 77
2469 - 78
2473 - 79
2477 - 80
2480 - 81
2484 - 82
2487 - 83
2491 - 84
2494 - 85
2498 - 86
2502 - 87
2505 - 88
2509 - 89
2513 - 90
2516 - 91
2519 - 92
2523 - 93
2527 - 94
2530 - 95
2534 - 96
2537 - 97
2541 - 98
2545 - 99
2548 - 100
2552 - 101
2555 - 102
2559 - 103
2563 - 104
2566 - 105
2570 - 106
2573 - 107
2577 - 108
2581 - 109
2584 - 110
2588 - 111
2592 - 112
2595 - 113
2599 - 114
2602 - 115
2606 - 116
2609 - 117
2613 - 118
2617 - 119
2620 - 120
2624 - 121
2627 - 122
2631 - 123
2634 - 124
2638 - 125
2642 - 126
2645 - 127
2649 - 128
2653 - 129
2657 - 130
2660 - 131
2664 - 132
2668 - 133
2672 - 134
2675 - 135
2679 - 136
2683 - 137
2686 - 138
2690 - 139
2693 - 140
2697 - 141
2700 - 142
2704 - 143
2707 - 144
2711 - 145
2714 - 146
2718 - 147
2721 - 148
2725 - 149
2727 - Packet Dropped!
2834 - 150
2837 - 151
2841 - 152
2844 - 153
2848 - 154
2852 - 155
2855 - 156
2859 - 157
2862 - 158
2866 - 159
2869 - 160
2872 - 161
2876 - 162
2879 - 163
2882 - 164
2886 - 165
2889 - 166
2893 - 167
2896 - 168
2900 - 169
2903 - 170
2907 - 171
2910 - 172
2914 - 173
2917 - 174
2921 - 175
2924 - 176
2927 - 177
2931 - 178
2934 - 179
2938 - 180
2941 - 181
2945 - 182
2948 - 183
2952 - 184
2955 - 185
2959 - 186
2962 - 187
2966 - 188
2969 - 189
2973 - 190
2977 - 191
2980 - 192
2984 - 193
2988 - 194
2991 - 195
2995 - 196
2998 - 197
3002 - 198
3005 - 199
3009 - 200
3013 - 201
3016 - 202
3020 - 203
3023 - 204
3027 - 205
3030 - 206
3034 - 207
3038 - 208
3041 - 209
3045 - 210
3049 - 211
3052 - 212
3056 - 213
3060 - 214
3063 - 215
3067 - 216
3071 - 217
3075 - 218
3078 - 219
3082 - 220
3086 - 221
3090 - 222
3093 - 223
3097 - 224
3101 - 225
3105 - 226
3108 - 227
3112 - 228
3116 - 229
3119 - 230
3124 - 231
3128 - 232
3131 - 233
3135 - 234
3139 - 235
3142 - 236
3146 - 237
3150 - 238
3153 - 239
3157 - 240
3160 - 241
3164 - 242
3168 - 243
3171 - 244
3175 - 245
3178 - 246
3182 - 247
3186 - 248
3189 - 249
3193 - 250
3197 - 251
3200 - 252
3204 - 253
3208 - 254
3211 - 255
3215 - 256
3218 - 257
3222 - 258
3225 - 259
3229 - 260
3233 - 261
3236 - 262
3240 - 263
3243 - 264
3247 - 265
3251 - 266
3254 - 267
3258 - 268
3262 - 269
3265 - 270
3269 - 271
3273 - 272
3276 - 273
3280 - 274
3283 - 275
3287 - 276
3291 - 277
3294 - 278
3298 - 279
3302 - 280
3305 - 281
3309 - 282
3312 - 283
3316 - 284
3319 - 285
3323 - 286
3326 - 287
3330 - 288
3333 - 289
3337 - 290
3341 - 291
3344 - 292
3347 - 293
3351 - 294
3354 - 295
3358 - 296
3361 - 297
3365 - 298
3368 - 299
3372 - 300
3376 - 301
3379 - 302
3383 - 303
3386 - 304
3390 - 305
3393 - 306
3397 - 307
3400 - 308
3404 - 309
3407 - 310
3411 - 311
3414 - 312
3418 - 313
3421 - 314
3425 - 315
3428 - 316
3432 - 317
3436 - 318
3439 - 319
3443 - 320
3446 - 321
3450 - 322
3454 - 323
3457 - 324
3461 - 325
3464 - 326
3468 - 327
3472 - 328
3475 - 329
3479 - 330
3482 - 331
3486 - 332
3490 - 333
3493 - 334
3497 - 335
3501 - 336
3504 - 337
3508 - 338
3511 - 339
3515 - 340
3519 - 341
3522 - 342
3526 - 343
3529 - 344
3533 - 345
3536 - 346
3540 - 347
3543 - 348
3547 - 349
3551 - 350
3554 - 351
3558 - 352
3561 - 353
3565 - 354
3568 - 355
3572 - 356
3576 - 357
3579 - 358
3583 - 359
3586 - 360
3590 - 361
3594 - 362
3598 - 363
3601 - 364
3605 - 365
3608 - 366
3612 - 367
3615 - 368
3619 - 369
3623 - 370
3626 - 371
3630 - 372
3634 - 373
3637 - 374
3641 - 375
3644 - 376
3648 - 377
3652 - 378
3655 - 379
3659 - 380
3663 - 381
3666 - 382
3670 - 383
3673 - 384
3677 - 385
3681 - 386
3684 - 387
3688 - 388
3692 - 389
3695 - 390
3699 - 391
3702 - 392
3706 - 393
3710 - 394
3713 - 395
3717 - 396
3720 - 397
3724 - 398
3727 - 399
3731 - 400
3734 - 401
3738 - 402
3741 - 403
3745 - 404
3748 - 405
3752 - 406
3756 - 407
3759 - 408
3763 - 409
3767 - 410
3770 - 411
3774 - 412
3777 - 413
3781 - 414
3784 - 415
3788 - 416
3792 - 417
3795 - 418
3799 - 419
3802 - 420
3806 - 421
3810 - 422
3813 - 423
3817 - 424
3821 - 425
3824 - 426
3828 - 427
3831 - 428
3835 - 429
3838 - 430
3842 - 431
3845 - 432
3849 - 433
3853 - 434
3856 - 435
3860 - 436
3864 - 437
3867 - 438
3871 - 439
3875 - 440
3878 - 441
3882 - 442
3886 - 443
3889 - 444
3893 - 445
3897 - 446
3900 - 447
3904 - 448
3908 - 449
3911 - 450
3915 - 451
3918 - 452
3922 - 453
3925 - 454
3929 - 455
3933 - 456
3936 - 457
3939 - 458
3943 - 459
3948 - 460
3952 - 461
3955 - 462
3959 - 463
3962 - 464
3966 - 465
3970 - 466
3973 - 467
3977 - 468
3981 - 469
3984 - 470
3988 - 471
3992 - 472
3995 - 473
3999 - 474
4002 - 475
4006 - 476
4009 - 477
4013 - 478
4016 - 479
4020 - 480
4024 - 481
4027 - 482
4031 - 483
4034 - 484
4038 - 485
4042 - 486
4045 - 487
4049 - 488
4052 - 489
4056 - 490
4059 - 491
4063 - 492
4066 - 493
4070 - 494
4073 - 495
4077 - 496
4080 - 497
4084 - 498
4087 - 499
4091 - 500
4095 - 501
4098 - 502
4102 - 503
4106 - 504
4110 - 505
4113 - 506
4117 - 507
4120 - 508
4124 - 509
4127 - 510
4131 - 511
4134 - 512
